0 info it worked if it ends with ok
1 verbose cli [ 'C:\\Program Files\\nodejs\\node.exe',
1 verbose cli   'C:\\Users\\rahul\\AppData\\Roaming\\npm\\node_modules\\npm\\bin\\npm-cli.js',
1 verbose cli   'install',
1 verbose cli   '[-g]',
1 verbose cli   'latest' ]
2 info using npm@4.0.3
3 info using node@v6.9.1
4 silly loadCurrentTree Starting
5 silly install loadCurrentTree
6 silly install readLocalPackageData
7 silly fetchPackageMetaData [-g]
8 silly fetchPackageMetaData latest
9 silly fetchOtherPackageData [-g]
10 silly cache add args [ '[-g]', null ]
11 verbose cache add spec [-g]
12 silly fetchNamedPackageData latest
13 silly mapToRegistry name latest
14 silly mapToRegistry using default registry
15 silly mapToRegistry registry https://registry.npmjs.org/
16 silly mapToRegistry data Result {
16 silly mapToRegistry   raw: 'latest',
16 silly mapToRegistry   scope: null,
16 silly mapToRegistry   escapedName: 'latest',
16 silly mapToRegistry   name: 'latest',
16 silly mapToRegistry   rawSpec: '',
16 silly mapToRegistry   spec: 'latest',
16 silly mapToRegistry   type: 'tag' }
17 silly mapToRegistry uri https://registry.npmjs.org/latest
18 silly cache add parsed spec Result {
18 silly cache add   raw: '[-g]',
18 silly cache add   scope: null,
18 silly cache add   escapedName: null,
18 silly cache add   name: null,
18 silly cache add   rawSpec: '[-g]',
18 silly cache add   spec: 'C:\\Users\\rahul\\Programming\\login-app\\login-app\\[-g]',
18 silly cache add   type: 'local' }
19 verbose request uri https://registry.npmjs.org/latest
20 verbose request no auth needed
21 info attempt registry request try #1 at 12:11:58 AM
22 verbose request id 74c735bb8680b8b9
23 http request GET https://registry.npmjs.org/latest
24 error addLocal Could not install C:\Users\rahul\Programming\login-app\login-app\[-g]
25 silly fetchPackageMetaData Error: ENOENT: no such file or directory, open 'C:\Users\rahul\Programming\login-app\login-app\[-g]'
25 silly fetchPackageMetaData     at Error (native)
25 silly fetchPackageMetaData  error for [-g] { Error: ENOENT: no such file or directory, open 'C:\Users\rahul\Programming\login-app\login-app\[-g]'
25 silly fetchPackageMetaData     at Error (native)
25 silly fetchPackageMetaData   errno: -4058,
25 silly fetchPackageMetaData   code: 'ENOENT',
25 silly fetchPackageMetaData   syscall: 'open',
25 silly fetchPackageMetaData   path: 'C:\\Users\\rahul\\Programming\\login-app\\login-app\\[-g]' }
26 http 200 https://registry.npmjs.org/latest
27 verbose headers { server: 'nginx/1.10.1',
27 verbose headers   'content-type': 'application/json',
27 verbose headers   'last-modified': 'Thu, 19 Feb 2015 23:48:53 GMT',
27 verbose headers   etag: 'W/"54e67665-1ef0"',
27 verbose headers   'content-encoding': 'gzip',
27 verbose headers   'cache-control': 'max-age=300',
27 verbose headers   'content-length': '1739',
27 verbose headers   'accept-ranges': 'bytes',
27 verbose headers   date: 'Fri, 02 Dec 2016 06:11:29 GMT',
27 verbose headers   via: '1.1 varnish',
27 verbose headers   age: '0',
27 verbose headers   connection: 'keep-alive',
27 verbose headers   'x-served-by': 'cache-ord1725-ORD',
27 verbose headers   'x-cache': 'MISS',
27 verbose headers   'x-cache-hits': '0',
27 verbose headers   'x-timer': 'S1480659089.612681,VS0,VE23',
27 verbose headers   vary: 'Accept-Encoding' }
28 silly get cb [ 200,
28 silly get   { server: 'nginx/1.10.1',
28 silly get     'content-type': 'application/json',
28 silly get     'last-modified': 'Thu, 19 Feb 2015 23:48:53 GMT',
28 silly get     etag: 'W/"54e67665-1ef0"',
28 silly get     'content-encoding': 'gzip',
28 silly get     'cache-control': 'max-age=300',
28 silly get     'content-length': '1739',
28 silly get     'accept-ranges': 'bytes',
28 silly get     date: 'Fri, 02 Dec 2016 06:11:29 GMT',
28 silly get     via: '1.1 varnish',
28 silly get     age: '0',
28 silly get     connection: 'keep-alive',
28 silly get     'x-served-by': 'cache-ord1725-ORD',
28 silly get     'x-cache': 'MISS',
28 silly get     'x-cache-hits': '0',
28 silly get     'x-timer': 'S1480659089.612681,VS0,VE23',
28 silly get     vary: 'Accept-Encoding' } ]
29 verbose get saving latest to C:\Users\rahul\AppData\Roaming\npm-cache\registry.npmjs.org\latest\.cache.json
30 verbose correctMkdir C:\Users\rahul\AppData\Roaming\npm-cache correctMkdir not in flight; initializing
31 verbose makeDirectory C:\Users\rahul\AppData\Roaming\npm-cache creation not in flight; initializing
32 verbose makeCacheDir UID & GID are irrelevant on win32
33 silly rollbackFailedOptional Starting
34 silly rollbackFailedOptional Finishing
35 silly runTopLevelLifecycles Finishing
36 silly install printInstalled
37 verbose stack Error: ENOENT: no such file or directory, open 'C:\Users\rahul\Programming\login-app\login-app\[-g]'
37 verbose stack     at Error (native)
38 verbose cwd C:\Users\rahul\Programming\login-app\login-app
39 error Windows_NT 10.0.14393
40 error argv "C:\\Program Files\\nodejs\\node.exe" "C:\\Users\\rahul\\AppData\\Roaming\\npm\\node_modules\\npm\\bin\\npm-cli.js" "install" "[-g]" "latest"
41 error node v6.9.1
42 error npm  v4.0.3
43 error path C:\Users\rahul\Programming\login-app\login-app\[-g]
44 error code ENOENT
45 error errno -4058
46 error syscall open
47 error enoent ENOENT: no such file or directory, open 'C:\Users\rahul\Programming\login-app\login-app\[-g]'
48 error enoent ENOENT: no such file or directory, open 'C:\Users\rahul\Programming\login-app\login-app\[-g]'
48 error enoent This is most likely not a problem with npm itself
48 error enoent and is related to npm not being able to find a file.
49 verbose exit [ -4058, true ]
